c:\users\dell\source\repos\oczko\oczko\debug\vc141.pdb
c:\users\dell\source\repos\oczko\oczko\debug\vc141.idb
c:\users\dell\source\repos\oczko\oczko\debug\main.obj
c:\users\dell\source\repos\oczko\oczko\debug\kasyno.obj
c:\users\dell\source\repos\oczko\oczko\debug\karta.obj
c:\users\dell\source\repos\oczko\oczko\debug\gracz.obj
c:\users\dell\source\repos\oczko\oczko\debug\bot.obj
c:\users\dell\source\repos\oczko\debug\oczko.exe
c:\users\dell\source\repos\oczko\debug\oczko.ilk
c:\users\dell\source\repos\oczko\debug\oczko.pdb
c:\users\dell\source\repos\oczko\oczko\debug\gracz.obj.enc
c:\users\dell\source\repos\oczko\oczko\debug\nativecodeanalysis.read.1.tlog
c:\users\dell\source\repos\oczko\oczko\debug\bot.nativecodeanalysis.xml
c:\users\dell\source\repos\oczko\oczko\debug\gracz.nativecodeanalysis.xml
c:\users\dell\source\repos\oczko\oczko\debug\karta.nativecodeanalysis.xml
c:\users\dell\source\repos\oczko\oczko\debug\kasyno.nativecodeanalysis.xml
c:\users\dell\source\repos\oczko\oczko\debug\main.nativecodeanalysis.xml
c:\users\dell\source\repos\oczko\oczko\debug\vc.nativecodeanalysis.all.xml
c:\users\dell\source\repos\oczko\oczko\debug\oczko.tlog\cl.command.1.tlog
c:\users\dell\source\repos\oczko\oczko\debug\oczko.tlog\cl.read.1.tlog
c:\users\dell\source\repos\oczko\oczko\debug\oczko.tlog\cl.write.1.tlog
c:\users\dell\source\repos\oczko\oczko\debug\oczko.tlog\link.command.1.tlog
c:\users\dell\source\repos\oczko\oczko\debug\oczko.tlog\link.read.1.tlog
c:\users\dell\source\repos\oczko\oczko\debug\oczko.tlog\link.write.1.tlog
