  main.cpp
c:\users\dell\source\repos\projekt pwr3\projekt pwr3\main.cpp(58): warning C4018: "<": niezgodność typu ze znakiem/bez znaku
c:\users\dell\source\repos\projekt pwr3\projekt pwr3\main.cpp(140): warning C4018: "<": niezgodność typu ze znakiem/bez znaku
  c:\users\dell\source\repos\projekt pwr3\projekt pwr3\main.cpp(304): note: zobacz odwołanie do funkcji szablon; wystąpienie „void zadanie4<float>(std::ifstream &,Macierz<float> &)” jest kompilowane
c:\users\dell\source\repos\projekt pwr3\projekt pwr3\main.cpp(162): warning C4018: "<": niezgodność typu ze znakiem/bez znaku
c:\users\dell\source\repos\projekt pwr3\projekt pwr3\solver.h(21): warning C4244: "+=": konwersja z "double" do "T", możliwa utrata danych
          with
          [
              T=float
          ]
  c:\users\dell\source\repos\projekt pwr3\projekt pwr3\solver.h(18): note: podczas kompilowania funkcji składowej „<Nieznany>” klasy klasa <Nieznany>
  c:\users\dell\source\repos\projekt pwr3\projekt pwr3\solver.h(42): note: zobacz odwołanie do funkcji szablon; wystąpienie „void Solver<T>::addWiersze(int,int,double)” jest kompilowane
          with
          [
              T=float
          ]
  c:\users\dell\source\repos\projekt pwr3\projekt pwr3\main.cpp(211): note: zobacz odwołanie do klasy klasa szablon; wystąpienie „Solver<T>” jest kompilowane
          with
          [
              T=float
          ]
  c:\users\dell\source\repos\projekt pwr3\projekt pwr3\main.cpp(304): note: zobacz odwołanie do funkcji szablon; wystąpienie „void zadanie4<float>(std::ifstream &,Macierz<float> &)” jest kompilowane
c:\users\dell\source\repos\projekt pwr3\projekt pwr3\solver.h(14): warning C4244: "*=": konwersja z "double" do "T", możliwa utrata danych
          with
          [
              T=float
          ]
  c:\users\dell\source\repos\projekt pwr3\projekt pwr3\solver.h(11): note: podczas kompilowania funkcji składowej „<Nieznany>” klasy klasa <Nieznany>
  c:\users\dell\source\repos\projekt pwr3\projekt pwr3\solver.h(36): note: zobacz odwołanie do funkcji szablon; wystąpienie „void Solver<T>::skalujWiersz(int,double)” jest kompilowane
          with
          [
              T=float
          ]
  Projekt Pwr3.vcxproj -> C:\Users\Dell\source\repos\Projekt Pwr3\Debug\Projekt Pwr3.exe
