c:\users\dell\source\repos\symulator postaci\symulator postaci\x64\debug\vc141.pdb
c:\users\dell\source\repos\symulator postaci\symulator postaci\x64\debug\vc141.idb
c:\users\dell\source\repos\symulator postaci\symulator postaci\x64\debug\bron.obj
c:\users\dell\source\repos\symulator postaci\symulator postaci\x64\debug\menu.obj
c:\users\dell\source\repos\symulator postaci\symulator postaci\x64\debug\gracz.obj
c:\users\dell\source\repos\symulator postaci\symulator postaci\x64\debug\szkielet.obj
c:\users\dell\source\repos\symulator postaci\symulator postaci\x64\debug\pajak.obj
c:\users\dell\source\repos\symulator postaci\symulator postaci\x64\debug\main.obj
c:\users\dell\source\repos\symulator postaci\symulator postaci\x64\debug\boss.obj
c:\users\dell\source\repos\symulator postaci\symulator postaci\x64\debug\lochy.obj
c:\users\dell\source\repos\symulator postaci\symulator postaci\x64\debug\komunikacja.obj
c:\users\dell\source\repos\symulator postaci\x64\debug\symulator postaci.exe
c:\users\dell\source\repos\symulator postaci\x64\debug\symulator postaci.ilk
c:\users\dell\source\repos\symulator postaci\x64\debug\symulator postaci.pdb
c:\users\dell\source\repos\symulator postaci\symulator postaci\x64\debug\gracz.obj.enc
c:\users\dell\source\repos\symulator postaci\symulator postaci\x64\debug\komunikacja.obj.enc
c:\users\dell\source\repos\symulator postaci\symulator postaci\x64\debug\symulato.6de8520e.tlog\cl.command.1.tlog
c:\users\dell\source\repos\symulator postaci\symulator postaci\x64\debug\symulato.6de8520e.tlog\cl.read.1.tlog
c:\users\dell\source\repos\symulator postaci\symulator postaci\x64\debug\symulato.6de8520e.tlog\cl.write.1.tlog
c:\users\dell\source\repos\symulator postaci\symulator postaci\x64\debug\symulato.6de8520e.tlog\link.command.1.tlog
c:\users\dell\source\repos\symulator postaci\symulator postaci\x64\debug\symulato.6de8520e.tlog\link.read.1.tlog
c:\users\dell\source\repos\symulator postaci\symulator postaci\x64\debug\symulato.6de8520e.tlog\link.write.1.tlog
